#
# There is insufficient memory for the Java Runtime Environment to continue.
# Native memory allocation (mmap) failed to map 268435456 bytes for G1 virtual space
# Possible reasons:
#   The system is out of physical RAM or swap space
#   The process is running with CompressedOops enabled, and the Java Heap may be blocking the growth of the native heap
# Possible solutions:
#   Reduce memory load on the system
#   Increase physical memory or swap space
#   Check if swap backing store is full
#   Decrease Java heap size (-Xmx/-Xms)
#   Decrease number of Java threads
#   Decrease Java thread stack sizes (-Xss)
#   Set larger code cache with -XX:ReservedCodeCacheSize=
#   JVM is running with Zero Based Compressed Oops mode in which the Java heap is
#     placed in the first 32GB address space. The Java Heap base address is the
#     maximum limit for the native heap growth. Please use -XX:HeapBaseMinAddress
#     to set the Java Heap base and to place the Java Heap above 32GB virtual address.
# This output file may be truncated or incomplete.
#
#  Out of Memory Error (os_windows.cpp:3771), pid=20380, tid=23400
#
# JRE version:  (17.0.7+7) (build )
# Java VM: OpenJDK 64-Bit Server VM (17.0.7+7-b1000.6, mixed mode, sharing, tiered, compressed oops, compressed class ptrs, g1 gc, windows-amd64)
# No core dump will be written. Minidumps are not enabled by default on client versions of Windows
#

---------------  S U M M A R Y ------------

Command Line: git4idea.http.GitAskPassApp Username for 'https://github.com': 

Host: Intel(R) Core(TM) i7-7700HQ CPU @ 2.80GHz, 8 cores, 15G,  Windows 10 , 64 bit Build 19041 (10.0.19041.3155)
Time: Fri Aug 11 16:29:45 2023 RTZ 2 (s 10 , 64 bit Build 19041 (10.0.19041.3155) elapsed time: 0.030704 seconds (0d 0h 0m 0s)

---------------  T H R E A D  ---------------

Current thread (0x0000014916c85810):  JavaThread "Unknown thread" [_thread_in_vm, id=23400, stack(0x00000044d6b00000,0x00000044d6c00000)]

Stack: [0x00000044d6b00000,0x00000044d6c00000]
Native frames: (J=compiled Java code, j=interpreted, Vv=VM code, C=native code)
V  [jvm.dll+0x683bfa]
V  [jvm.dll+0x8430a4]
V  [jvm.dll+0x8449be]
V  [jvm.dll+0x845023]
V  [jvm.dll+0x24ad2f]
V  [jvm.dll+0x680ac9]
V  [jvm.dll+0x67519a]
V  [jvm.dll+0x30b3cb]
V  [jvm.dll+0x312876]
V  [jvm.dll+0x36221e]
V  [jvm.dll+0x36244f]
V  [jvm.dll+0x2e14a8]
V  [jvm.dll+0x2e2414]
V  [jvm.dll+0x814391]
V  [jvm.dll+0x36ffe1]
V  [jvm.dll+0x7f396c]
V  [jvm.dll+0x3f305f]
V  [jvm.dll+0x3f4b91]
C  [jli.dll+0x528f]
C  [ucrtbase.dll+0x21bb2]
C  [KERNEL32.DLL+0x17614]
C  [ntdll.dll+0x526b1]


---------------  P R O C E S S  ---------------

Threads class SMR info:
_java_thread_list=0x00007ffd910ed098, length=0, elements={
}

Java Threads: ( => current thread )

Other Threads:
  0x0000014916ceebd0 GCTaskThread "GC Thread#0" [stack: 0x00000044d6c00000,0x00000044d6d00000] [id=3268]
  0x0000014916cff9d0 ConcurrentGCThread "G1 Main Marker" [stack: 0x00000044d6d00000,0x00000044d6e00000] [id=24600]
  0x0000014916d00b80 ConcurrentGCThread "G1 Conc#0" [stack: 0x00000044d6e00000,0x00000044d6f00000] [id=18816]

[error occurred during error reporting (printing all threads), id 0xc0000005, EXCEPTION_ACCESS_VIOLATION (0xc0000005) at pc=0x00007ffd908a2087]

VM state: not at safepoint (not fully initialized)

VM Mutex/Monitor currently owned by a thread:  ([mutex/lock_event])
[0x0000014916c810e0] Heap_lock - owner thread: 0x0000014916c85810

Heap address: 0x0000000701400000, size: 4076 MB, Compressed Oops mode: Zero based, Oop shift amount: 3

CDS archive(s) mapped at: [0x0000000000000000-0x0000000000000000-0x0000000000000000), size 0, SharedBaseAddress: 0x0000000800000000, ArchiveRelocationMode: 0.
Narrow klass base: 0x0000000000000000, Narrow klass shift: 0, Narrow klass range: 0x0

GC Precious Log:
<Empty>

Heap:
 garbage-first heap   total 0K, used 0K [0x0000000701400000, 0x0000000800000000)
  region size 2048K, 0 young (0K), 0 survivors (0K)
 Metaspace       used 0K, committed 0K, reserved 0K
  class space    used 0K, committed 0K, reserved 0K

Heap Regions: E=young(eden), S=young(survivor), O=old, HS=humongous(starts), HC=humongous(continues), CS=collection set, F=free, OA=open archive, CA=closed archive, TAMS=top-at-mark-start (previous, next)

Card table byte_map: [0x0000014929f30000,0x000001492a730000] _byte_map_base: 0x0000014926726000

Marking Bits (Prev, Next): (CMBitMap*) 0x0000014916cef1e0, (CMBitMap*) 0x0000014916cef220
 Prev Bits: [0x000001492af30000, 0x000001492eee0000)
 Next Bits: [0x000001492eee0000, 0x0000014932e90000)

GC Heap History (0 events):
No events

Dll operation events (1 events):
Event: 0.021 Loaded shared library C:\Program Files\JetBrains\IntelliJ IDEA Community Edition 2023.2\jbr\bin\java.dll

Deoptimization events (0 events):
No events

Classes unloaded (0 events):
No events

Classes redefined (0 events):
No events

Internal exceptions (0 events):
No events

VM Operations (0 events):
No events

Events (0 events):
No events


Dynamic libraries:
0x00007ff75c0b0000 - 0x00007ff75c0ba000 	C:\Program Files\JetBrains\IntelliJ IDEA Community Edition 2023.2\jbr\bin\java.exe
0x00007ffe12870000 - 0x00007ffe12a68000 	C:\WINDOWS\SYSTEM32\ntdll.dll
0x00007ffdd6660000 - 0x00007ffdd6679000 	C:\Program Files\Avast Software\Avast\aswhook.dll
0x00007ffe121d0000 - 0x00007ffe1228f000 	C:\WINDOWS\System32\KERNEL32.DLL
0x00007ffe105d0000 - 0x00007ffe108c6000 	C:\WINDOWS\System32\KERNELBASE.dll
0x00007ffe0d4c0000 - 0x00007ffe0d551000 	C:\WINDOWS\SYSTEM32\apphelp.dll
0x00007ffe10080000 - 0x00007ffe10180000 	C:\WINDOWS\System32\ucrtbase.dll
0x00007ffdf98d0000 - 0x00007ffdf98e7000 	C:\Program Files\JetBrains\IntelliJ IDEA Community Edition 2023.2\jbr\bin\jli.dll
0x00007ffdf1280000 - 0x00007ffdf129b000 	C:\Program Files\JetBrains\IntelliJ IDEA Community Edition 2023.2\jbr\bin\VCRUNTIME140.dll
0x00007ffe12690000 - 0x00007ffe1282d000 	C:\WINDOWS\System32\USER32.dll
0x00007ffe101d0000 - 0x00007ffe101f2000 	C:\WINDOWS\System32\win32u.dll
0x00007ffe01b50000 - 0x00007ffe01dea000 	C:\WINDOWS\WinSxS\amd64_microsoft.windows.common-controls_6595b64144ccf1df_6.0.19041.1110_none_60b5254171f9507e\COMCTL32.dll
0x00007ffe11880000 - 0x00007ffe118ac000 	C:\WINDOWS\System32\GDI32.dll
0x00007ffe124b0000 - 0x00007ffe1254e000 	C:\WINDOWS\System32\msvcrt.dll
0x00007ffe10350000 - 0x00007ffe10465000 	C:\WINDOWS\System32\gdi32full.dll
0x00007ffe10200000 - 0x00007ffe1029d000 	C:\WINDOWS\System32\msvcp_win.dll
0x00007ffe11940000 - 0x00007ffe11970000 	C:\WINDOWS\System32\IMM32.DLL
0x00007ffdf1270000 - 0x00007ffdf127c000 	C:\Program Files\JetBrains\IntelliJ IDEA Community Edition 2023.2\jbr\bin\vcruntime140_1.dll
0x00007ffdd7cf0000 - 0x00007ffdd7d7d000 	C:\Program Files\JetBrains\IntelliJ IDEA Community Edition 2023.2\jbr\bin\msvcp140.dll
0x00007ffd905b0000 - 0x00007ffd91230000 	C:\Program Files\JetBrains\IntelliJ IDEA Community Edition 2023.2\jbr\bin\server\jvm.dll
0x00007ffe116a0000 - 0x00007ffe1174f000 	C:\WINDOWS\System32\ADVAPI32.dll
0x00007ffe12080000 - 0x00007ffe1211c000 	C:\WINDOWS\System32\sechost.dll
0x00007ffe10d50000 - 0x00007ffe10e76000 	C:\WINDOWS\System32\RPCRT4.dll
0x00007ffdf6cc0000 - 0x00007ffdf6cc9000 	C:\WINDOWS\SYSTEM32\WSOCK32.dll
0x00007ffdfa430000 - 0x00007ffdfa457000 	C:\WINDOWS\SYSTEM32\WINMM.dll
0x00007ffe0ed20000 - 0x00007ffe0ed2a000 	C:\WINDOWS\SYSTEM32\VERSION.dll
0x00007ffe125c0000 - 0x00007ffe1262b000 	C:\WINDOWS\System32\WS2_32.dll
0x00007ffe0ec80000 - 0x00007ffe0ec92000 	C:\WINDOWS\SYSTEM32\kernel.appcore.dll
0x00007ffe0b960000 - 0x00007ffe0b96a000 	C:\Program Files\JetBrains\IntelliJ IDEA Community Edition 2023.2\jbr\bin\jimage.dll
0x00007ffdff1b0000 - 0x00007ffdff394000 	C:\WINDOWS\SYSTEM32\DBGHELP.DLL
0x00007ffdff100000 - 0x00007ffdff134000 	C:\WINDOWS\SYSTEM32\dbgcore.DLL
0x00007ffe0fff0000 - 0x00007ffe10072000 	C:\WINDOWS\System32\bcryptPrimitives.dll
0x00007ffe000c0000 - 0x00007ffe000e5000 	C:\Program Files\JetBrains\IntelliJ IDEA Community Edition 2023.2\jbr\bin\java.dll

dbghelp: loaded successfully - version: 4.0.5 - missing functions: none
symbol engine: initialized successfully - sym options: 0x614 - pdb path: .;C:\Program Files\JetBrains\IntelliJ IDEA Community Edition 2023.2\jbr\bin;C:\WINDOWS\SYSTEM32;C:\Program Files\Avast Software\Avast;C:\WINDOWS\WinSxS\amd64_microsoft.windows.common-controls_6595b64144ccf1df_6.0.19041.1110_none_60b5254171f9507e;C:\Program Files\JetBrains\IntelliJ IDEA Community Edition 2023.2\jbr\bin\server

VM Arguments:
java_command: git4idea.http.GitAskPassApp Username for 'https://github.com': 
java_class_path (initial): C:/Program Files/JetBrains/IntelliJ IDEA Community Edition 2023.2/plugins/vcs-git/lib/git4idea-rt.jar;C:/Program Files/JetBrains/IntelliJ IDEA Community Edition 2023.2/lib/externalProcess-rt.jar
Launcher Type: SUN_STANDARD

[Global flags]
     intx CICompilerCount                          = 4                                         {product} {ergonomic}
     uint ConcGCThreads                            = 2                                         {product} {ergonomic}
     uint G1ConcRefinementThreads                  = 8                                         {product} {ergonomic}
   size_t G1HeapRegionSize                         = 2097152                                   {product} {ergonomic}
    uintx GCDrainStackTargetSize                   = 64                                        {product} {ergonomic}
   size_t InitialHeapSize                          = 268435456                                 {product} {ergonomic}
   size_t MarkStackSize                            = 4194304                                   {product} {ergonomic}
   size_t MaxHeapSize                              = 4273995776                                {product} {ergonomic}
   size_t MinHeapDeltaBytes                        = 2097152                                   {product} {ergonomic}
   size_t MinHeapSize                              = 8388608                                   {product} {ergonomic}
    uintx NonNMethodCodeHeapSize                   = 5839372                                {pd product} {ergonomic}
    uintx NonProfiledCodeHeapSize                  = 122909434                              {pd product} {ergonomic}
    uintx ProfiledCodeHeapSize                     = 122909434                              {pd product} {ergonomic}
    uintx ReservedCodeCacheSize                    = 251658240                              {pd product} {ergonomic}
     bool SegmentedCodeCache                       = true                                      {product} {ergonomic}
   size_t SoftMaxHeapSize                          = 4273995776                             {manageable} {ergonomic}
     bool UseCompressedClassPointers               = true                           {product lp64_product} {ergonomic}
     bool UseCompressedOops                        = true                           {product lp64_product} {ergonomic}
     bool UseG1GC                                  = true                                      {product} {ergonomic}
     bool UseLargePagesIndividualAllocation        = false                                  {pd product} {ergonomic}

Logging:
Log output configuration:
 #0: stdout all=warning uptime,level,tags
 #1: stderr all=off uptime,level,tags

Environment Variables:
PATH=C:\Program Files\Git\mingw64\libexec\git-core;C:\Program Files\Git\mingw64\libexec\git-core;C:\Program Files\Git\mingw64\bin;C:\Program Files\Git\usr\bin;C:\Users\Администратор\bin;C:\ProgramData\Oracle\Java\javapath;C:\Program Files (x86)\Intel\iCLS Client;C:\Program Files\Intel\iCLS Client;C:\Windows\system32;C:\Windows;C:\Windows\System32\Wbem;C:\Windows\System32\WindowsPowerShell\v1.0;C:\Program Files (x86)\NVIDIA Corporation\PhysX\Common;C:\Program Files (x86)\Intel\Intel(R) Management Engine Components\DAL;C:\Program Files\Intel\Intel(R) Management Engine Components\DAL;C:\Program Files (x86)\Intel\Intel(R) Management Engine Components\IPT;C:\Program Files\Intel\Intel(R) Management Engine Components\IPT;C:\WINDOWS\system32;C:\WINDOWS;C:\WINDOWS\System32\Wbem;C:\WINDOWS\System32\WindowsPowerShell\v1.0;C:\Program Files\Intel\WiFi\bin;C:\Program Files\Common Files\Intel\WirelessCommon;C:\WINDOWS\System32\OpenSSH;C:\Program Files\NVIDIA Corporation\NVIDIA NvDLISR;C:\WINDOWS\system32;C:\WINDOWS;C:\WINDOWS\System32\Wbem;C:\WINDOWS\System32\WindowsPowerShell\v1.0;C:\WINDOWS\System32\OpenSSH;C:\Program Files\Git\cmd;C:\Users\Администратор\AppData\Local\Microsoft\WindowsApps;C:\Program Files\Intel\WiFi\bin;C:\Program Files\Common Files\Intel\WirelessCommon;C:\Program Files\JetBrains\IntelliJ IDEA 2022.2\bin;C:\Users\Администратор\AppData\Local\GitHubDesktop\bin
USERNAME=Администратор
DISPLAY=:0.0
LC_ALL=en_US.UTF-8
TERM=xterm-256color
TMPDIR=C:\Users\836D~1\AppData\Local\Temp
OS=Windows_NT
PROCESSOR_IDENTIFIER=Intel64 Family 6 Model 158 Stepping 9, GenuineIntel
TMP=C:\Users\836D~1\AppData\Local\Temp
TEMP=C:\Users\836D~1\AppData\Local\Temp


JNI global refs:
JNI global refs: 0, weak refs: 0

JNI global refs memory usage: 0, weak refs: 0

OOME stack traces (most recent first):
Classloader memory used:


---------------  S Y S T E M  ---------------

OS:
 Windows 10 , 64 bit Build 19041 (10.0.19041.3155)
OS uptime: 11 days 6:17 hours

CPU: total 8 (initial active 8) (4 cores per cpu, 2 threads per core) family 6 model 158 stepping 9 microcode 0xb4, cx8, cmov, fxsr, ht, mmx, 3dnowpref, sse, sse2, sse3, ssse3, sse4.1, sse4.2, popcnt, lzcnt, tsc, tscinvbit, avx, avx2, aes, erms, clmul, bmi1, bmi2, adx, fma, vzeroupper, clflush, clflushopt

Memory: 4k page, system-wide physical 16303M (3511M free)
TotalPageFile size 16303M (AvailPageFile size 231M)
current process WorkingSet (physical memory assigned to process): 11M, peak: 11M
current process commit charge ("private bytes"): 60M, peak: 316M

vm_info: OpenJDK 64-Bit Server VM (17.0.7+7-b1000.6) for windows-amd64 JRE (17.0.7+7-b1000.6), built on 2023-07-07 by "builduser" with MS VC++ 16.10 / 16.11 (VS2019)

END.
